<?xml version="1.0" encoding="UTF-8"?>
<coverage generated="1744741544211" clover="3.2.0">
  <project timestamp="1744741544211" name="All files">
    <metrics statements="28" coveredstatements="28" conditionals="36" coveredconditionals="32" methods="18" coveredmethods="18" elements="82" coveredelements="78" complexity="0" loc="28" ncloc="28" packages="2" files="8" classes="8"/>
    <package name="layouts">
      <metrics statements="7" coveredstatements="7" conditionals="10" coveredconditionals="10" methods="4" coveredmethods="4"/>
      <file name="HostInfo.js" path="/Users/nathan/Documents/github_repo/chefin/src/layouts/HostInfo.js">
        <metrics statements="5" coveredstatements="5" conditionals="8" coveredconditionals="8" methods="3" coveredmethods="3"/>
        <line num="4" count="1" type="stmt"/>
        <line num="5" count="4" type="stmt"/>
        <line num="7" count="4" type="stmt"/>
        <line num="8" count="1" type="stmt"/>
        <line num="11" count="4" type="stmt"/>
      </file>
      <file name="MealDetails.js" path="/Users/nathan/Documents/github_repo/chefin/src/layouts/MealDetails.js">
        <metrics statements="2" coveredstatements="2" conditionals="2" coveredconditionals="2" methods="1" coveredmethods="1"/>
        <line num="4" count="1" type="stmt"/>
        <line num="5" count="3" type="stmt"/>
      </file>
    </package>
    <package name="utils">
      <metrics statements="21" coveredstatements="21" conditionals="26" coveredconditionals="22" methods="14" coveredmethods="14"/>
      <file name="CalculateTotalPrice.js" path="/Users/nathan/Documents/github_repo/chefin/src/utils/CalculateTotalPrice.js">
        <metrics statements="2" coveredstatements="2" conditionals="0" coveredconditionals="0" methods="1" coveredmethods="1"/>
        <line num="1" count="1" type="stmt"/>
        <line num="2" count="5" type="stmt"/>
      </file>
      <file name="Filter.js" path="/Users/nathan/Documents/github_repo/chefin/src/utils/Filter.js">
        <metrics statements="5" coveredstatements="5" conditionals="2" coveredconditionals="2" methods="5" coveredmethods="5"/>
        <line num="3" count="3" type="cond" truecount="2" falsecount="0"/>
        <line num="4" count="3" type="stmt"/>
        <line num="5" count="1" type="stmt"/>
        <line num="10" count="2" type="stmt"/>
        <line num="15" count="2" type="stmt"/>
      </file>
      <file name="HostInfo.js" path="/Users/nathan/Documents/github_repo/chefin/src/utils/HostInfo.js">
        <metrics statements="2" coveredstatements="2" conditionals="2" coveredconditionals="1" methods="1" coveredmethods="1"/>
        <line num="4" count="3" type="cond" truecount="1" falsecount="1"/>
        <line num="5" count="3" type="stmt"/>
      </file>
      <file name="IngredientsList.js" path="/Users/nathan/Documents/github_repo/chefin/src/utils/IngredientsList.js">
        <metrics statements="2" coveredstatements="2" conditionals="6" coveredconditionals="6" methods="1" coveredmethods="1"/>
        <line num="4" count="4" type="cond" truecount="4" falsecount="0"/>
        <line num="5" count="2" type="cond" truecount="2" falsecount="0"/>
      </file>
      <file name="MealDetails.js" path="/Users/nathan/Documents/github_repo/chefin/src/utils/MealDetails.js">
        <metrics statements="4" coveredstatements="4" conditionals="8" coveredconditionals="6" methods="2" coveredmethods="2"/>
        <line num="3" count="3" type="cond" truecount="3" falsecount="1"/>
        <line num="4" count="3" type="stmt"/>
        <line num="9" count="1" type="cond" truecount="3" falsecount="1"/>
        <line num="10" count="1" type="stmt"/>
      </file>
      <file name="ReviewsSection.js" path="/Users/nathan/Documents/github_repo/chefin/src/utils/ReviewsSection.js">
        <metrics statements="6" coveredstatements="6" conditionals="8" coveredconditionals="7" methods="4" coveredmethods="4"/>
        <line num="3" count="2" type="cond" truecount="1" falsecount="1"/>
        <line num="4" count="2" type="cond" truecount="2" falsecount="0"/>
        <line num="9" count="1" type="stmt"/>
        <line num="10" count="1" type="stmt"/>
        <line num="15" count="3" type="cond" truecount="2" falsecount="0"/>
        <line num="20" count="2" type="cond" truecount="2" falsecount="0"/>
      </file>
    </package>
  </project>
</coverage>
