{"/Users/nathan/Documents/github_repo/chefin/src/layouts/HostInfo.js": {"path":"/Users/nathan/Documents/github_repo/chefin/src/layouts/HostInfo.js","statementMap":{"0":{"start":{"line":4,"column":17},"end":{"line":56,"column":1}},"1":{"start":{"line":5,"column":50},"end":{"line":5,"column":65}},"2":{"start":{"line":7,"column":23},"end":{"line":9,"column":3}},"3":{"start":{"line":8,"column":4},"end":{"line":8,"column":40}},"4":{"start":{"line":8,"column":34},"end":{"line":8,"column":39}},"5":{"start":{"line":11,"column":2},"end":{"line":55,"column":3}}},"fnMap":{"0":{"name":"(anonymous_0)","decl":{"start":{"line":4,"column":17},"end":{"line":4,"column":18}},"loc":{"start":{"line":4,"column":31},"end":{"line":56,"column":1}},"line":4},"1":{"name":"(anonymous_1)","decl":{"start":{"line":7,"column":23},"end":{"line":7,"column":24}},"loc":{"start":{"line":7,"column":29},"end":{"line":9,"column":3}},"line":7},"2":{"name":"(anonymous_2)","decl":{"start":{"line":8,"column":24},"end":{"line":8,"column":25}},"loc":{"start":{"line":8,"column":34},"end":{"line":8,"column":39}},"line":8}},"branchMap":{"0":{"loc":{"start":{"line":27,"column":11},"end":{"line":37,"column":11}},"type":"binary-expr","locations":[{"start":{"line":27,"column":11},"end":{"line":27,"column":27}},{"start":{"line":28,"column":12},"end":{"line":36,"column":18}}],"line":27},"1":{"loc":{"start":{"line":41,"column":11},"end":{"line":41,"column":66}},"type":"cond-expr","locations":[{"start":{"line":41,"column":30},"end":{"line":41,"column":38}},{"start":{"line":41,"column":41},"end":{"line":41,"column":66}}],"line":41},"2":{"loc":{"start":{"line":45,"column":9},"end":{"line":52,"column":9}},"type":"binary-expr","locations":[{"start":{"line":45,"column":9},"end":{"line":45,"column":30}},{"start":{"line":46,"column":10},"end":{"line":51,"column":19}}],"line":45},"3":{"loc":{"start":{"line":50,"column":13},"end":{"line":50,"column":59}},"type":"cond-expr","locations":[{"start":{"line":50,"column":32},"end":{"line":50,"column":43}},{"start":{"line":50,"column":46},"end":{"line":50,"column":59}}],"line":50}},"s":{"0":1,"1":4,"2":4,"3":1,"4":1,"5":4},"f":{"0":4,"1":1,"2":1},"b":{"0":[4,4],"1":[1,3],"2":[4,4],"3":[1,3]},"_coverageSchema":"1a1c01bbd47fc00a2c39e90264f33305004495a9","hash":"369f620473aa3f3fc460cfe947bbd2393b3d8a55"}
,"/Users/nathan/Documents/github_repo/chefin/src/layouts/MealDetails.js": {"path":"/Users/nathan/Documents/github_repo/chefin/src/layouts/MealDetails.js","statementMap":{"0":{"start":{"line":4,"column":20},"end":{"line":18,"column":1}},"1":{"start":{"line":5,"column":2},"end":{"line":17,"column":3}}},"fnMap":{"0":{"name":"(anonymous_0)","decl":{"start":{"line":4,"column":20},"end":{"line":4,"column":21}},"loc":{"start":{"line":4,"column":62},"end":{"line":18,"column":1}},"line":4}},"branchMap":{"0":{"loc":{"start":{"line":11,"column":7},"end":{"line":15,"column":7}},"type":"binary-expr","locations":[{"start":{"line":11,"column":7},"end":{"line":11,"column":22}},{"start":{"line":12,"column":8},"end":{"line":14,"column":12}}],"line":11}},"s":{"0":1,"1":3},"f":{"0":3},"b":{"0":[3,1]},"_coverageSchema":"1a1c01bbd47fc00a2c39e90264f33305004495a9","hash":"5e0a0c27e8e349873fecbac86ffc9b59a47fda9d"}
,"/Users/nathan/Documents/github_repo/chefin/src/utils/CalculateTotalPrice.js": {"path":"/Users/nathan/Documents/github_repo/chefin/src/utils/CalculateTotalPrice.js","statementMap":{"0":{"start":{"line":1,"column":35},"end":{"line":3,"column":1}},"1":{"start":{"line":2,"column":2},"end":{"line":2,"column":35}}},"fnMap":{"0":{"name":"(anonymous_0)","decl":{"start":{"line":1,"column":35},"end":{"line":1,"column":36}},"loc":{"start":{"line":1,"column":66},"end":{"line":3,"column":1}},"line":1}},"branchMap":{},"s":{"0":1,"1":5},"f":{"0":5},"b":{},"_coverageSchema":"1a1c01bbd47fc00a2c39e90264f33305004495a9","hash":"02492d5dc44a470b1aac0a356f249fbdab19bd9d"}
,"/Users/nathan/Documents/github_repo/chefin/src/utils/Filter.js": {"path":"/Users/nathan/Documents/github_repo/chefin/src/utils/Filter.js","statementMap":{"0":{"start":{"line":3,"column":2},"end":{"line":3,"column":37}},"1":{"start":{"line":3,"column":28},"end":{"line":3,"column":37}},"2":{"start":{"line":4,"column":19},"end":{"line":4,"column":67}},"3":{"start":{"line":4,"column":38},"end":{"line":4,"column":50}},"4":{"start":{"line":5,"column":2},"end":{"line":5,"column":31}},"5":{"start":{"line":10,"column":2},"end":{"line":10,"column":36}},"6":{"start":{"line":15,"column":2},"end":{"line":15,"column":57}},"7":{"start":{"line":15,"column":38},"end":{"line":15,"column":56}}},"fnMap":{"0":{"name":"getUniqueCuisines","decl":{"start":{"line":2,"column":16},"end":{"line":2,"column":33}},"loc":{"start":{"line":2,"column":40},"end":{"line":6,"column":1}},"line":2},"1":{"name":"(anonymous_1)","decl":{"start":{"line":4,"column":28},"end":{"line":4,"column":29}},"loc":{"start":{"line":4,"column":38},"end":{"line":4,"column":50}},"line":4},"2":{"name":"isSelectedCuisine","decl":{"start":{"line":9,"column":16},"end":{"line":9,"column":33}},"loc":{"start":{"line":9,"column":60},"end":{"line":11,"column":1}},"line":9},"3":{"name":"sortCuisinesAlphabetically","decl":{"start":{"line":14,"column":16},"end":{"line":14,"column":42}},"loc":{"start":{"line":14,"column":53},"end":{"line":16,"column":1}},"line":14},"4":{"name":"(anonymous_4)","decl":{"start":{"line":15,"column":28},"end":{"line":15,"column":29}},"loc":{"start":{"line":15,"column":38},"end":{"line":15,"column":56}},"line":15}},"branchMap":{"0":{"loc":{"start":{"line":3,"column":2},"end":{"line":3,"column":37}},"type":"if","locations":[{"start":{"line":3,"column":2},"end":{"line":3,"column":37}},{"start":{},"end":{}}],"line":3}},"s":{"0":3,"1":2,"2":1,"3":3,"4":1,"5":2,"6":1,"7":2},"f":{"0":3,"1":3,"2":2,"3":1,"4":2},"b":{"0":[2,1]},"_coverageSchema":"1a1c01bbd47fc00a2c39e90264f33305004495a9","hash":"c33a00fb600526d4b965f82cce133bd6a47d3d80"}
,"/Users/nathan/Documents/github_repo/chefin/src/utils/HostInfo.js": {"path":"/Users/nathan/Documents/github_repo/chefin/src/utils/HostInfo.js","statementMap":{"0":{"start":{"line":4,"column":2},"end":{"line":4,"column":35}},"1":{"start":{"line":4,"column":25},"end":{"line":4,"column":35}},"2":{"start":{"line":5,"column":2},"end":{"line":5,"column":38}}},"fnMap":{"0":{"name":"getTruncatedBio","decl":{"start":{"line":3,"column":16},"end":{"line":3,"column":31}},"loc":{"start":{"line":3,"column":37},"end":{"line":6,"column":1}},"line":3}},"branchMap":{"0":{"loc":{"start":{"line":4,"column":2},"end":{"line":4,"column":35}},"type":"if","locations":[{"start":{"line":4,"column":2},"end":{"line":4,"column":35}},{"start":{},"end":{}}],"line":4}},"s":{"0":3,"1":0,"2":3},"f":{"0":3},"b":{"0":[0,3]},"_coverageSchema":"1a1c01bbd47fc00a2c39e90264f33305004495a9","hash":"0302722761fbb10170721ec12a6ca0b63502c871"}
,"/Users/nathan/Documents/github_repo/chefin/src/utils/IngredientsList.js": {"path":"/Users/nathan/Documents/github_repo/chefin/src/utils/IngredientsList.js","statementMap":{"0":{"start":{"line":4,"column":2},"end":{"line":4,"column":48}},"1":{"start":{"line":4,"column":39},"end":{"line":4,"column":48}},"2":{"start":{"line":5,"column":2},"end":{"line":7,"column":21}}},"fnMap":{"0":{"name":"formatIngredientText","decl":{"start":{"line":3,"column":16},"end":{"line":3,"column":36}},"loc":{"start":{"line":3,"column":49},"end":{"line":8,"column":1}},"line":3}},"branchMap":{"0":{"loc":{"start":{"line":4,"column":2},"end":{"line":4,"column":48}},"type":"if","locations":[{"start":{"line":4,"column":2},"end":{"line":4,"column":48}},{"start":{},"end":{}}],"line":4},"1":{"loc":{"start":{"line":4,"column":6},"end":{"line":4,"column":37}},"type":"binary-expr","locations":[{"start":{"line":4,"column":6},"end":{"line":4,"column":17}},{"start":{"line":4,"column":21},"end":{"line":4,"column":37}}],"line":4},"2":{"loc":{"start":{"line":5,"column":9},"end":{"line":7,"column":21}},"type":"cond-expr","locations":[{"start":{"line":6,"column":6},"end":{"line":6,"column":51}},{"start":{"line":7,"column":6},"end":{"line":7,"column":21}}],"line":5}},"s":{"0":4,"1":2,"2":2},"f":{"0":4},"b":{"0":[2,2],"1":[4,3],"2":[1,1]},"_coverageSchema":"1a1c01bbd47fc00a2c39e90264f33305004495a9","hash":"f331e0be86e55a7492c0f0c4f1a0071c3b8a5029"}
,"/Users/nathan/Documents/github_repo/chefin/src/utils/MealDetails.js": {"path":"/Users/nathan/Documents/github_repo/chefin/src/utils/MealDetails.js","statementMap":{"0":{"start":{"line":3,"column":2},"end":{"line":3,"column":63}},"1":{"start":{"line":3,"column":49},"end":{"line":3,"column":63}},"2":{"start":{"line":4,"column":2},"end":{"line":4,"column":31}},"3":{"start":{"line":9,"column":2},"end":{"line":9,"column":37}},"4":{"start":{"line":9,"column":28},"end":{"line":9,"column":37}},"5":{"start":{"line":10,"column":2},"end":{"line":10,"column":53}}},"fnMap":{"0":{"name":"formatPrice","decl":{"start":{"line":2,"column":16},"end":{"line":2,"column":27}},"loc":{"start":{"line":2,"column":35},"end":{"line":5,"column":1}},"line":2},"1":{"name":"formatRating","decl":{"start":{"line":8,"column":16},"end":{"line":8,"column":28}},"loc":{"start":{"line":8,"column":45},"end":{"line":11,"column":1}},"line":8}},"branchMap":{"0":{"loc":{"start":{"line":3,"column":2},"end":{"line":3,"column":63}},"type":"if","locations":[{"start":{"line":3,"column":2},"end":{"line":3,"column":63}},{"start":{},"end":{}}],"line":3},"1":{"loc":{"start":{"line":3,"column":6},"end":{"line":3,"column":47}},"type":"binary-expr","locations":[{"start":{"line":3,"column":6},"end":{"line":3,"column":31}},{"start":{"line":3,"column":35},"end":{"line":3,"column":47}}],"line":3},"2":{"loc":{"start":{"line":9,"column":2},"end":{"line":9,"column":37}},"type":"if","locations":[{"start":{"line":9,"column":2},"end":{"line":9,"column":37}},{"start":{},"end":{}}],"line":9},"3":{"loc":{"start":{"line":9,"column":6},"end":{"line":9,"column":26}},"type":"binary-expr","locations":[{"start":{"line":9,"column":6},"end":{"line":9,"column":12}},{"start":{"line":9,"column":16},"end":{"line":9,"column":26}}],"line":9}},"s":{"0":3,"1":0,"2":3,"3":1,"4":0,"5":1},"f":{"0":3,"1":1},"b":{"0":[0,3],"1":[3,3],"2":[0,1],"3":[1,1]},"_coverageSchema":"1a1c01bbd47fc00a2c39e90264f33305004495a9","hash":"4c58f1860ef2c351e4ad7eacbd2fef5905db225d"}
,"/Users/nathan/Documents/github_repo/chefin/src/utils/ReviewsSection.js": {"path":"/Users/nathan/Documents/github_repo/chefin/src/utils/ReviewsSection.js","statementMap":{"0":{"start":{"line":3,"column":2},"end":{"line":3,"column":40}},"1":{"start":{"line":3,"column":31},"end":{"line":3,"column":40}},"2":{"start":{"line":4,"column":2},"end":{"line":4,"column":48}},"3":{"start":{"line":9,"column":15},"end":{"line":9,"column":35}},"4":{"start":{"line":10,"column":2},"end":{"line":10,"column":73}},"5":{"start":{"line":15,"column":2},"end":{"line":15,"column":53}},"6":{"start":{"line":20,"column":2},"end":{"line":20,"column":60}}},"fnMap":{"0":{"name":"getVisibleReviews","decl":{"start":{"line":2,"column":16},"end":{"line":2,"column":33}},"loc":{"start":{"line":2,"column":52},"end":{"line":5,"column":1}},"line":2},"1":{"name":"formatReviewDate","decl":{"start":{"line":8,"column":16},"end":{"line":8,"column":32}},"loc":{"start":{"line":8,"column":45},"end":{"line":11,"column":1}},"line":8},"2":{"name":"shouldShowAllButton","decl":{"start":{"line":14,"column":16},"end":{"line":14,"column":35}},"loc":{"start":{"line":14,"column":45},"end":{"line":16,"column":1}},"line":14},"3":{"name":"shouldTruncateComment","decl":{"start":{"line":19,"column":16},"end":{"line":19,"column":37}},"loc":{"start":{"line":19,"column":47},"end":{"line":21,"column":1}},"line":19}},"branchMap":{"0":{"loc":{"start":{"line":3,"column":2},"end":{"line":3,"column":40}},"type":"if","locations":[{"start":{"line":3,"column":2},"end":{"line":3,"column":40}},{"start":{},"end":{}}],"line":3},"1":{"loc":{"start":{"line":4,"column":9},"end":{"line":4,"column":48}},"type":"cond-expr","locations":[{"start":{"line":4,"column":19},"end":{"line":4,"column":26}},{"start":{"line":4,"column":29},"end":{"line":4,"column":48}}],"line":4},"2":{"loc":{"start":{"line":15,"column":9},"end":{"line":15,"column":53}},"type":"binary-expr","locations":[{"start":{"line":15,"column":9},"end":{"line":15,"column":31}},{"start":{"line":15,"column":35},"end":{"line":15,"column":53}}],"line":15},"3":{"loc":{"start":{"line":20,"column":9},"end":{"line":20,"column":60}},"type":"binary-expr","locations":[{"start":{"line":20,"column":9},"end":{"line":20,"column":36}},{"start":{"line":20,"column":40},"end":{"line":20,"column":60}}],"line":20}},"s":{"0":2,"1":0,"2":2,"3":1,"4":1,"5":3,"6":2},"f":{"0":2,"1":1,"2":3,"3":2},"b":{"0":[0,2],"1":[1,1],"2":[3,3],"3":[2,2]},"_coverageSchema":"1a1c01bbd47fc00a2c39e90264f33305004495a9","hash":"893b52a1a3899f9eaaa6f08fbc0fe76c9df2d903"}
}
