TN:
SF:src/layouts/HostInfo.js
FN:4,(anonymous_0)
FN:7,(anonymous_1)
FN:8,(anonymous_2)
FNF:3
FNH:3
FNDA:4,(anonymous_0)
FNDA:1,(anonymous_1)
FNDA:1,(anonymous_2)
DA:4,1
DA:5,4
DA:7,4
DA:8,1
DA:11,4
LF:5
LH:5
BRDA:27,0,0,4
BRDA:27,0,1,4
BRDA:41,1,0,1
BRDA:41,1,1,3
BRDA:45,2,0,4
BRDA:45,2,1,4
BRDA:50,3,0,1
BRDA:50,3,1,3
BRF:8
BRH:8
end_of_record
TN:
SF:src/layouts/MealDetails.js
FN:4,(anonymous_0)
FNF:1
FNH:1
FNDA:3,(anonymous_0)
DA:4,1
DA:5,3
LF:2
LH:2
BRDA:11,0,0,3
BRDA:11,0,1,1
BRF:2
BRH:2
end_of_record
TN:
SF:src/utils/CalculateTotalPrice.js
FN:1,(anonymous_0)
FNF:1
FNH:1
FNDA:5,(anonymous_0)
DA:1,1
DA:2,5
LF:2
LH:2
BRF:0
BRH:0
end_of_record
TN:
SF:src/utils/Filter.js
FN:2,getUniqueCuisines
FN:4,(anonymous_1)
FN:9,isSelectedCuisine
FN:14,sortCuisinesAlphabetically
FN:15,(anonymous_4)
FNF:5
FNH:5
FNDA:3,getUniqueCuisines
FNDA:3,(anonymous_1)
FNDA:2,isSelectedCuisine
FNDA:1,sortCuisinesAlphabetically
FNDA:2,(anonymous_4)
DA:3,3
DA:4,3
DA:5,1
DA:10,2
DA:15,2
LF:5
LH:5
BRDA:3,0,0,2
BRDA:3,0,1,1
BRF:2
BRH:2
end_of_record
TN:
SF:src/utils/HostInfo.js
FN:3,getTruncatedBio
FNF:1
FNH:1
FNDA:3,getTruncatedBio
DA:4,3
DA:5,3
LF:2
LH:2
BRDA:4,0,0,0
BRDA:4,0,1,3
BRF:2
BRH:1
end_of_record
TN:
SF:src/utils/IngredientsList.js
FN:3,formatIngredientText
FNF:1
FNH:1
FNDA:4,formatIngredientText
DA:4,4
DA:5,2
LF:2
LH:2
BRDA:4,0,0,2
BRDA:4,0,1,2
BRDA:4,1,0,4
BRDA:4,1,1,3
BRDA:5,2,0,1
BRDA:5,2,1,1
BRF:6
BRH:6
end_of_record
TN:
SF:src/utils/MealDetails.js
FN:2,formatPrice
FN:8,formatRating
FNF:2
FNH:2
FNDA:3,formatPrice
FNDA:1,formatRating
DA:3,3
DA:4,3
DA:9,1
DA:10,1
LF:4
LH:4
BRDA:3,0,0,0
BRDA:3,0,1,3
BRDA:3,1,0,3
BRDA:3,1,1,3
BRDA:9,2,0,0
BRDA:9,2,1,1
BRDA:9,3,0,1
BRDA:9,3,1,1
BRF:8
BRH:6
end_of_record
TN:
SF:src/utils/ReviewsSection.js
FN:2,getVisibleReviews
FN:8,formatReviewDate
FN:14,shouldShowAllButton
FN:19,shouldTruncateComment
FNF:4
FNH:4
FNDA:2,getVisibleReviews
FNDA:1,formatReviewDate
FNDA:3,shouldShowAllButton
FNDA:2,shouldTruncateComment
DA:3,2
DA:4,2
DA:9,1
DA:10,1
DA:15,3
DA:20,2
LF:6
LH:6
BRDA:3,0,0,0
BRDA:3,0,1,2
BRDA:4,1,0,1
BRDA:4,1,1,1
BRDA:15,2,0,3
BRDA:15,2,1,3
BRDA:20,3,0,2
BRDA:20,3,1,2
BRF:8
BRH:7
end_of_record
